::1 - - [24/Jan/2021:15:49:28 +0000] "GET /api/contacts HTTP/1.1" 404 151
::1 - - [24/Jan/2021:15:49:48 +0000] "GET / HTTP/1.1" 404 139
::1 - - [24/Jan/2021:15:49:56 +0000] "GET /contacts/ HTTP/1.1" 404 148
::1 - - [24/Jan/2021:15:50:44 +0000] "GET /contacts/ HTTP/1.1" 200 27
::1 - - [24/Jan/2021:17:14:17 +0000] "GET /api/contacts/ HTTP/1.1" 200 2
::1 - - [24/Jan/2021:17:15:09 +0000] "GET /api/contacts/ HTTP/1.1" 200 2
::1 - - [24/Jan/2021:17:15:19 +0000] "GET /api/contacts/ HTTP/1.1" 200 2
::1 - - [24/Jan/2021:17:16:22 +0000] "GET /api/contacts/ HTTP/1.1" 200 2
::1 - - [24/Jan/2021:17:16:58 +0000] "GET /api/contacts/ HTTP/1.1" 500 554
::1 - - [24/Jan/2021:17:17:27 +0000] "GET /api/contacts/ HTTP/1.1" 500 554
::1 - - [24/Jan/2021:17:17:57 +0000] "GET /api/contacts/ HTTP/1.1" 200 -
::1 - - [21/Feb/2021:16:54:24 +0000] "GET /api/contacts/ HTTP/1.1" 200 2
::1 - - [21/Feb/2021:17:13:32 +0000] "GET /api/contacts/ HTTP/1.1" 200 1159
::1 - - [21/Feb/2021:17:14:54 +0000] "POST /api/contacts HTTP/1.1" 500 2257
::1 - - [21/Feb/2021:17:16:12 +0000] "POST /api/contacts HTTP/1.1" 201 41
::1 - - [21/Feb/2021:17:17:13 +0000] "GET /api/contacts HTTP/1.1" 200 1159
::1 - - [21/Feb/2021:17:20:16 +0000] "GET /api/contacts HTTP/1.1" 500 403
::1 - - [21/Feb/2021:17:20:31 +0000] "GET /api/contacts HTTP/1.1" 200 1728
::1 - - [21/Feb/2021:17:22:40 +0000] "POST /api/contacts HTTP/1.1" 201 41
::1 - - [21/Feb/2021:17:32:55 +0000] "POST /api/contacts HTTP/1.1" 201 58
::1 - - [21/Feb/2021:17:33:02 +0000] "GET /api/contacts HTTP/1.1" 200 1728
::1 - - [21/Feb/2021:17:34:00 +0000] "POST /api/contacts HTTP/1.1" 201 58
::1 - - [21/Feb/2021:17:34:30 +0000] "POST /api/contacts HTTP/1.1" 500 714
::1 - - [21/Feb/2021:17:34:53 +0000] "POST /api/contacts HTTP/1.1" 500 674
::1 - - [21/Feb/2021:17:35:26 +0000] "POST /api/contacts HTTP/1.1" 201 58
::1 - - [21/Feb/2021:17:35:30 +0000] "GET /api/contacts HTTP/1.1" 200 1828
::1 - - [21/Feb/2021:17:54:44 +0000] "GET /api/contacts/603299deb4ce671bd457f7a9 HTTP/1.1" - -
::1 - - [21/Feb/2021:17:55:11 +0000] "GET /api/contacts/603299deb4ce671bd457f7a9 HTTP/1.1" - -
::1 - - [21/Feb/2021:17:56:40 +0000] "GET /api/contacts/603299deb4ce671bd457f7a9 HTTP/1.1" 200 99
::1 - - [21/Feb/2021:17:56:46 +0000] "GET /api/contacts/603299deb4ce671bd457f7a954654 HTTP/1.1" 400 15
::1 - - [21/Feb/2021:17:56:50 +0000] "GET /api/contacts/603299deb4ce671bd457f7a9 HTTP/1.1" 200 99
::1 - - [21/Feb/2021:17:56:58 +0000] "GET /api/contacts/5eb074232c30a1378dacdbe3 HTTP/1.1" 200 194
::1 - - [21/Feb/2021:17:57:10 +0000] "GET /api/contacts/5eb074232c30a1378dacdbe4 HTTP/1.1" 200 21
::1 - - [21/Feb/2021:18:06:00 +0000] "GET /api/contacts HTTP/1.1" 200 1828
::1 - - [21/Feb/2021:18:06:11 +0000] "DELETE /api/contacts/603299deb4ce671bd457f7a9 HTTP/1.1" 200 28
::1 - - [21/Feb/2021:18:06:13 +0000] "DELETE /api/contacts/603299deb4ce671bd457f7a9 HTTP/1.1" 404 21
::1 - - [21/Feb/2021:18:06:17 +0000] "GET /api/contacts HTTP/1.1" 200 1728
::1 - - [21/Feb/2021:18:14:10 +0000] "PATCH /api/contacts/5eb074232c30a1378dacdbdf HTTP/1.1" 404 178
::1 - - [21/Feb/2021:18:14:36 +0000] "PUT /api/contacts/5eb074232c30a1378dacdbdf HTTP/1.1" 200 166
::1 - - [21/Feb/2021:18:15:28 +0000] "PUT /api/contacts/5eb074232c30a1378dacdbdf HTTP/1.1" 200 166
::1 - - [21/Feb/2021:18:15:34 +0000] "PUT /api/contacts/5eb074232c30a1378dacdbd5 HTTP/1.1" 404 21
::1 - - [21/Feb/2021:18:15:37 +0000] "PUT /api/contacts/5eb074232c30a1378dacdbd HTTP/1.1" 500 612
::1 - - [21/Feb/2021:18:16:12 +0000] "PUT /api/contacts/5eb074232c30a1378dacdbd HTTP/1.1" 400 15
::1 - - [21/Feb/2021:18:16:22 +0000] "PUT /api/contacts/5eb074232c30a1378dacdbdf HTTP/1.1" 200 166
::1 - - [28/Feb/2021:20:56:11 +0000] "POST /auth/registration HTTP/1.1" 404 157
::1 - - [28/Feb/2021:20:56:52 +0000] "POST /auth/register HTTP/1.1" 401 161
::1 - - [28/Feb/2021:20:57:16 +0000] "POST /auth/register HTTP/1.1" 401 161
::1 - - [28/Feb/2021:21:02:22 +0000] "POST /auth/register HTTP/1.1" 400 245
::1 - - [28/Feb/2021:21:02:51 +0000] "POST /auth/register HTTP/1.1" 400 29
::1 - - [28/Feb/2021:21:06:07 +0000] "POST /api/contacts HTTP/1.1" 409 37
::1 - - [28/Feb/2021:21:06:19 +0000] "POST /api/contacts HTTP/1.1" 400 29
::1 - - [03/Mar/2021:07:43:42 +0000] "POST /auth/register HTTP/1.1" 400 19
::1 - - [03/Mar/2021:07:44:10 +0000] "POST /auth/register HTTP/1.1" 401 162
::1 - - [03/Mar/2021:07:44:14 +0000] "POST /auth/register HTTP/1.1" 400 19
::1 - - [03/Mar/2021:07:44:36 +0000] "POST /auth/register HTTP/1.1" 401 161
::1 - - [03/Mar/2021:07:45:36 +0000] "POST /auth/login HTTP/1.1" - -
::1 - - [03/Mar/2021:07:46:41 +0000] "POST /auth/login HTTP/1.1" - -
::1 - - [03/Mar/2021:07:49:19 +0000] "POST /auth/login HTTP/1.1" - -
::1 - - [03/Mar/2021:07:49:30 +0000] "POST /auth/login HTTP/1.1" - -
::1 - - [03/Mar/2021:10:15:24 +0000] "POST /auth/login HTTP/1.1" 200 55
::1 - - [03/Mar/2021:10:17:57 +0000] "POST /auth/login HTTP/1.1" 200 55
::1 - - [03/Mar/2021:10:18:13 +0000] "POST /auth/login HTTP/1.1" 200 55
::1 - - [03/Mar/2021:10:18:19 +0000] "POST /auth/login HTTP/1.1" 200 55
::1 - - [03/Mar/2021:10:18:43 +0000] "POST /auth/login HTTP/1.1" 200 55
::1 - - [03/Mar/2021:10:20:37 +0000] "POST /auth/login HTTP/1.1" 200 55
::1 - - [03/Mar/2021:10:21:54 +0000] "POST /auth/login HTTP/1.1" 200 219
::1 - - [03/Mar/2021:10:23:14 +0000] "POST /auth/logout HTTP/1.1" 500 2283
::1 - - [03/Mar/2021:10:23:47 +0000] "POST /auth/logout HTTP/1.1" 500 2283
::ffff:127.0.0.1 - - [03/Mar/2021:10:25:15 +0000] "POST /auth/logout HTTP/1.1" 500 2283
::ffff:127.0.0.1 - - [03/Mar/2021:10:25:29 +0000] "POST /auth/logout HTTP/1.1" 401 28
::1 - - [03/Mar/2021:10:25:40 +0000] "POST /auth/logout HTTP/1.1" 500 2287
::1 - - [03/Mar/2021:10:25:50 +0000] "POST /auth/login HTTP/1.1" 200 219
::1 - - [03/Mar/2021:10:26:03 +0000] "POST /auth/logout HTTP/1.1" 500 2287
::1 - - [03/Mar/2021:10:27:12 +0000] "POST /auth/login HTTP/1.1" 200 219
::1 - - [03/Mar/2021:10:27:51 +0000] "POST /auth/logout HTTP/1.1" 500 2287
::1 - - [03/Mar/2021:10:32:29 +0000] "POST /auth/logout HTTP/1.1" - -
