::1 - - [10/Jan/2021:18:43:53 +0000] "GET /api/contacts HTTP/1.1" 200 930
::1 - - [10/Jan/2021:18:44:37 +0000] "GET /api/contacts/1 HTTP/1.1" 404 35
::1 - - [10/Jan/2021:18:44:57 +0000] "GET /api/contacts/4 HTTP/1.1" 200 81
::1 - - [10/Jan/2021:18:50:14 +0000] "GET /api/contacts/4 HTTP/1.1" 200 81
::1 - - [10/Jan/2021:18:52:05 +0000] "GET /api/contacts/4 HTTP/1.1" 200 81
::1 - - [10/Jan/2021:18:52:13 +0000] "GET /api/contacts HTTP/1.1" 200 930
::1 - - [10/Jan/2021:18:52:25 +0000] "GET /api/contacts HTTP/1.1" 200 930
::1 - - [10/Jan/2021:18:59:15 +0000] "GET /api/contacts HTTP/1.1" 200 930
::1 - - [10/Jan/2021:18:59:26 +0000] "GET /api/contacts HTTP/1.1" 200 930
::1 - - [10/Jan/2021:19:00:20 +0000] "POST /api/contacts HTTP/1.1" 400 186
::1 - - [10/Jan/2021:19:00:25 +0000] "POST /api/contacts HTTP/1.1" 201 68
::1 - - [10/Jan/2021:19:00:31 +0000] "POST /api/contacts HTTP/1.1" 201 -
::1 - - [10/Jan/2021:19:00:53 +0000] "POST /api/contacts HTTP/1.1" 201 -
::1 - - [10/Jan/2021:19:01:02 +0000] "POST /api/contacts HTTP/1.1" 201 63
::1 - - [10/Jan/2021:19:04:16 +0000] "POST /api/contacts HTTP/1.1" 201 22
::1 - - [10/Jan/2021:19:05:26 +0000] "POST /api/contacts HTTP/1.1" 201 30
::1 - - [10/Jan/2021:19:05:48 +0000] "POST /api/contacts HTTP/1.1" 201 64
::1 - - [10/Jan/2021:19:11:32 +0000] "POST /api/contacts HTTP/1.1" 201 64
::1 - - [10/Jan/2021:19:11:39 +0000] "POST /api/contacts HTTP/1.1" 201 64
::1 - - [10/Jan/2021:19:11:48 +0000] "DELETE /api/contacts/17 HTTP/1.1" 200 29
::1 - - [10/Jan/2021:19:11:53 +0000] "DELETE /api/contacts/18 HTTP/1.1" 200 29
::1 - - [10/Jan/2021:19:12:26 +0000] "DELETE /api/contacts/18 HTTP/1.1" 404 35
::1 - - [10/Jan/2021:19:12:40 +0000] "DELETE /api/contacts/14 HTTP/1.1" 200 29
::1 - - [10/Jan/2021:19:14:05 +0000] "DELETE /api/contacts/14 HTTP/1.1" 404 35
::1 - - [13/Feb/2021:09:29:51 +0000] "GET /api/contacts/4 HTTP/1.1" 200 81
::1 - - [13/Feb/2021:09:29:57 +0000] "POST /api/contacts HTTP/1.1" 201 64
::1 - - [13/Feb/2021:09:31:29 +0000] "POST /api/contacts HTTP/1.1" 201 64
::1 - - [13/Feb/2021:09:31:31 +0000] "POST /api/contacts HTTP/1.1" 201 64
::1 - - [13/Feb/2021:09:31:32 +0000] "POST /api/contacts HTTP/1.1" 201 64
::1 - - [13/Feb/2021:09:31:33 +0000] "POST /api/contacts HTTP/1.1" 201 64
::1 - - [13/Feb/2021:09:32:43 +0000] "DELETE /api/contacts/14 HTTP/1.1" 404 35
::1 - - [13/Feb/2021:09:32:48 +0000] "DELETE /api/contacts/15 HTTP/1.1" 200 29
::1 - - [13/Feb/2021:09:37:11 +0000] "DELETE /api/contacts/15 HTTP/1.1" 404 35
::1 - - [13/Feb/2021:09:38:58 +0000] "POST /api/contacts HTTP/1.1" 201 68
::1 - - [13/Feb/2021:09:41:55 +0000] "POST /api/contacts HTTP/1.1" 201 68
::1 - - [13/Feb/2021:09:42:01 +0000] "DELETE /api/contacts/15 HTTP/1.1" 404 35
::1 - - [13/Feb/2021:09:42:04 +0000] "DELETE /api/contacts/17 HTTP/1.1" 200 29
::1 - - [13/Feb/2021:09:42:08 +0000] "GET /api/contacts/ HTTP/1.1" 200 1393
